<?xml version="1.0" encoding="UTF-8"?>
<!-- Generated by org.testng.reporters.JUnitXMLReporter -->
<testsuite ignored="3" hostname="s-PC" failures="0" tests="1" name="Default test" time="142.54" errors="0" timestamp="15 Aug 2018 06:32:01 GMT">
  <testcase classname="MavenProject.Selenium.FlightTest" name="test1" time="126.273"/>
  <testcase classname="MavenProject.Selenium.LoginTest" name="test1" time="0.0">
    <ignored/>
  </testcase> <!-- test1 -->
  <testcase classname="MavenProject.Selenium.LoginTest" name="test3" time="0.0">
    <ignored/>
  </testcase> <!-- test3 -->
  <testcase classname="MavenProject.Selenium.LoginTest" name="test2" time="0.0">
    <ignored/>
  </testcase> <!-- test2 -->
</testsuite> <!-- Default test -->
