<?xml version="1.0" encoding="UTF-8"?>
<testng-results ignored="3" total="4" passed="1" failed="0" skipped="0">
  <reporter-output>
  </reporter-output>
  <suite started-at="2018-08-15T06:29:38Z" name="Smoke suite" finished-at="2018-08-15T06:32:01Z" duration-ms="142540">
    <groups>
    </groups>
    <test started-at="2018-08-15T06:29:38Z" name="Default test" finished-at="2018-08-15T06:32:01Z" duration-ms="142540">
      <class name="MavenProject.Selenium.FlightTest">
        <test-method is-config="true" signature="setup()[pri:0, instance:MavenProject.Selenium.FlightTest@762ef0ea]" started-at="2018-08-15T06:29:38Z" name="setup" finished-at="2018-08-15T06:29:53Z" duration-ms="14732" status="PASS">
          <reporter-output>
          </reporter-output>
        </test-method> <!-- setup -->
        <test-method signature="test1()[pri:0, instance:MavenProject.Selenium.FlightTest@762ef0ea]" started-at="2018-08-15T06:29:53Z" name="test1" description="flight book sceanrio 1" finished-at="2018-08-15T06:31:59Z" duration-ms="126273" status="PASS">
          <reporter-output>
          </reporter-output>
        </test-method> <!-- test1 -->
        <test-method is-config="true" signature="teardown()[pri:0, instance:MavenProject.Selenium.FlightTest@762ef0ea]" started-at="2018-08-15T06:31:59Z" name="teardown" finished-at="2018-08-15T06:32:01Z" duration-ms="1510" status="PASS">
          <reporter-output>
          </reporter-output>
        </test-method> <!-- teardown -->
      </class> <!-- MavenProject.Selenium.FlightTest -->
    </test> <!-- Default test -->
  </suite> <!-- Smoke suite -->
</testng-results>
